<?xml version="1.0" encoding="utf-8"?><testsuites name="pytest tests"><testsuite name="pytest" errors="0" failures="0" skipped="0" tests="6" time="3.422" timestamp="2026-09-14T17:17:45.065902+00:00" hostname="agent-env-df920cdb-683e-448e-8b96-d6d16cf4bc96"><testcase classname="tests.test_admin_extended" name="test_admin_can_update_all_user_fields" time="0.456" /><testcase classname="tests.test_admin_extended" name="test_admin_can_manage_licencias" time="0.460" /><testcase classname="tests.test_admin_extended" name="test_admin_role_rejects_invalid_value" time="0.455" /><testcase classname="tests.test_admin_extended" name="test_admin_full_client_crud" time="1.579" /><testcase classname="tests.test_admin_extended" name="test_admin_client_invalid_phone_rejected" time="0.448" /><testcase classname="tests.test_admin_extended" name="test_admin_endpoints_require_admin_role" time="0.002" /></testsuite></testsuites>