<?xml version="1.0" encoding="utf-8"?><testsuites name="pytest tests"><testsuite name="pytest" errors="0" failures="0" skipped="0" tests="7" time="3.424" timestamp="2026-09-14T01:28:45.723046+00:00" hostname="agent-env-df920cdb-683e-448e-8b96-d6d16cf4bc96"><testcase classname="tests.test_email_field" name="test_profile_put_updates_email_and_me_reflects" time="1.479" /><testcase classname="tests.test_email_field" name="test_profile_put_rejects_invalid_email" time="0.003" /><testcase classname="tests.test_email_field" name="test_profile_put_rejects_duplicate_email" time="0.005" /><testcase classname="tests.test_email_field" name="test_register_with_invitation_persists_email" time="0.240" /><testcase classname="tests.test_password_reset" name="test_driver_forgot_password_creates_token_and_reset_works" time="0.235" /><testcase classname="tests.test_password_reset" name="test_driver_forgot_password_hides_whether_email_exists" time="0.002" /><testcase classname="tests.test_password_reset" name="test_client_forgot_password_end_to_end" time="1.432" /></testsuite></testsuites>