<?xml version="1.0" encoding="utf-8"?><testsuites name="pytest tests"><testsuite name="pytest" errors="0" failures="0" skipped="0" tests="9" time="1.868" timestamp="2026-05-11T16:35:57.514298+00:00" hostname="agent-env-df920cdb-683e-448e-8b96-d6d16cf4bc96"><testcase classname="tests.test_instant_pressure.TestInstantPressureSchema" name="test_terminals_present" time="1.541" /><testcase classname="tests.test_instant_pressure.TestInstantPressureSchema" name="test_pct_is_int" time="0.000" /><testcase classname="tests.test_instant_pressure.TestInstantPressureSchema" name="test_level_valid" time="0.000" /><testcase classname="tests.test_instant_pressure.TestInstantPressureSchema" name="test_trend_valid" time="0.000" /><testcase classname="tests.test_instant_pressure.TestInstantPressureSchema" name="test_breakdown_keys" time="0.000" /><testcase classname="tests.test_instant_pressure.TestInstantPressureLevelMapping" name="test_level_matches_pct" time="0.000" /><testcase classname="tests.test_instant_pressure.TestInstantPressureCustomWindow" name="test_custom_window_no_instant_pressure" time="0.166" /><testcase classname="tests.test_instant_pressure.TestPressureCalculationUnit" name="test_sample_calculation" time="0.132" /><testcase classname="tests.test_instant_pressure.TestPressureCalculationUnit" name="test_level_thresholds" time="0.000" /></testsuite></testsuites>