<?xml version="1.0" encoding="utf-8"?><testsuites name="pytest tests"><testsuite name="pytest" errors="0" failures="0" skipped="0" tests="11" time="24.618" timestamp="2026-05-11T18:09:42.791401+00:00" hostname="agent-env-df920cdb-683e-448e-8b96-d6d16cf4bc96"><testcase classname="tests.test_instant_demand_and_summary.TestInstantDemand" name="test_terminals_present" time="1.595" /><testcase classname="tests.test_instant_demand_and_summary.TestInstantDemand" name="test_instant_demand_fields_present" time="0.000" /><testcase classname="tests.test_instant_demand_and_summary.TestInstantDemand" name="test_instant_demand_value_types_and_ranges" time="0.000" /><testcase classname="tests.test_instant_demand_and_summary.TestInstantDemand" name="test_original_score_fields_preserved" time="0.000" /><testcase classname="tests.test_instant_demand_and_summary.TestDailySummary" name="test_basic_fields" time="0.153" /><testcase classname="tests.test_instant_demand_and_summary.TestDailySummary" name="test_four_sections_present" time="0.000" /><testcase classname="tests.test_instant_demand_and_summary.TestDailySummary" name="test_bold_markers_present" time="0.000" /><testcase classname="tests.test_instant_demand_and_summary.TestDailySummary" name="test_has_sources_and_queries" time="0.000" /><testcase classname="tests.test_instant_demand_and_summary.TestRegenerateAuth" name="test_no_auth_unauthorized" time="0.134" /><testcase classname="tests.test_instant_demand_and_summary.TestRegenerateAuth" name="test_with_admin_token_ok" time="22.353" /><testcase classname="tests.test_instant_demand_and_summary.TestTrainsRegression" name="test_trains_endpoint" time="0.354" /></testsuite></testsuites>