<?xml version="1.0" encoding="utf-8"?><testsuites name="pytest tests"><testsuite name="pytest" errors="0" failures="0" skipped="2" tests="10" time="2.312" timestamp="2026-06-29T22:46:59.662390+00:00" hostname="agent-env-df920cdb-683e-448e-8b96-d6d16cf4bc96"><testcase classname="tests.test_journal_summary" name="test_summary_requires_auth" time="0.833" /><testcase classname="tests.test_journal_summary" name="test_summary_missing_params" time="0.099" /><testcase classname="tests.test_journal_summary" name="test_summary_missing_end" time="0.101" /><testcase classname="tests.test_journal_summary" name="test_summary_invalid_date" time="0.110" /><testcase classname="tests.test_journal_summary" name="test_summary_start_after_end" time="0.102" /><testcase classname="tests.test_journal_summary" name="test_summary_empty_range_shape" time="0.102" /><testcase classname="tests.test_journal_summary" name="test_summary_same_day_range" time="0.112" /><testcase classname="tests.test_journal_summary" name="test_seed_two_journals_for_summary" time="0.665"><skipped type="pytest.skip" message="Gemini quota exhausted at start: {&quot;detail&quot;:&quot;El servicio de IA está temporalmente saturado. Espera unos segundos e inténtalo de nuevo.&quot;}">/app/backend/tests/test_journal_summary.py:48: Gemini quota exhausted at start: {"detail":"El servicio de IA está temporalmente saturado. Espera unos segundos e inténtalo de nuevo."}</skipped></testcase><testcase classname="tests.test_journal_summary" name="test_summary_aggregates_seeded_journals" time="0.000"><skipped type="pytest.skip" message="seed test did not run (likely Gemini quota)">/app/backend/tests/test_journal_summary.py:251: seed test did not run (likely Gemini quota)</skipped></testcase><testcase classname="tests.test_journal_summary" name="test_stats_endpoint_still_works" time="0.116" /></testsuite></testsuites>