<?xml version="1.0" encoding="utf-8"?><testsuites name="pytest tests"><testsuite name="pytest" errors="0" failures="0" skipped="12" tests="20" time="48.393" timestamp="2026-06-29T22:14:47.312552+00:00" hostname="agent-env-df920cdb-683e-448e-8b96-d6d16cf4bc96"><testcase classname="tests.test_journal" name="test_start_requires_auth" time="0.912" /><testcase classname="tests.test_journal" name="test_start_journal_success" time="0.641"><skipped type="pytest.skip" message="Gemini quota exhausted (external): Internal Server Error">/app/backend/tests/test_journal.py:93: Gemini quota exhausted (external): Internal Server Error</skipped></testcase><testcase classname="tests.test_journal" name="test_active_returns_open_journal" time="0.000"><skipped type="pytest.skip" message="start_journal did not produce an id">/app/backend/tests/test_journal.py:107: start_journal did not produce an id</skipped></testcase><testcase classname="tests.test_journal" name="test_start_when_open_returns_409" time="0.000"><skipped type="pytest.skip" message="no open journal to conflict with">/app/backend/tests/test_journal.py:117: no open journal to conflict with</skipped></testcase><testcase classname="tests.test_journal" name="test_fuel_zero_rejected" time="0.097" /><testcase classname="tests.test_journal" name="test_fuel_append" time="0.000"><skipped type="pytest.skip" message="no journal">/app/backend/tests/test_journal.py:142: no journal</skipped></testcase><testcase classname="tests.test_journal" name="test_end_journal" time="0.000"><skipped type="pytest.skip" message="no journal">/app/backend/tests/test_journal.py:161: no journal</skipped></testcase><testcase classname="tests.test_journal" name="test_start_after_close_allowed" time="0.242"><skipped type="pytest.skip" message="Gemini quota exhausted: Internal Server Error">/app/backend/tests/test_journal.py:209: Gemini quota exhausted: Internal Server Error</skipped></testcase><testcase classname="tests.test_journal" name="test_list_journals_sorted_desc" time="0.104" /><testcase classname="tests.test_journal" name="test_manual_override_closed_recomputes_totals" time="0.000"><skipped type="pytest.skip" message="no closed journal id">/app/backend/tests/test_journal.py:243: no closed journal id</skipped></testcase><testcase classname="tests.test_journal" name="test_manual_bad_field" time="0.000"><skipped type="pytest.skip" message="no journal id">/app/backend/tests/test_journal.py:271: no journal id</skipped></testcase><testcase classname="tests.test_journal" name="test_delete_journals" time="0.103" /><testcase classname="tests.test_journal" name="test_metrics_setup_create_journal_with_km_refuel" time="0.232"><skipped type="pytest.skip" message="Gemini quota: Internal Server Error">/app/backend/tests/test_journal.py:328: Gemini quota: Internal Server Error</skipped></testcase><testcase classname="tests.test_journal" name="test_metrics_totals_exact_values" time="0.000"><skipped type="pytest.skip" message="setup failed">/app/backend/tests/test_journal.py:388: setup failed</skipped></testcase><testcase classname="tests.test_journal" name="test_stats_week" time="0.001"><skipped type="pytest.skip" message="metrics setup failed">/app/backend/tests/test_journal.py:437: metrics setup failed</skipped></testcase><testcase classname="tests.test_journal" name="test_stats_month" time="0.107" /><testcase classname="tests.test_journal" name="test_stats_day" time="0.103" /><testcase classname="tests.test_journal" name="test_stats_invalid_bucket" time="0.099" /><testcase classname="tests.test_journal" name="test_refuel_fallback_without_km" time="45.651"><skipped type="pytest.skip" message="Gemini OCR unavailable (likely quota): 500 Internal Server Error">/app/backend/tests/test_journal.py:498: Gemini OCR unavailable (likely quota): 500 Internal Server Error</skipped></testcase><testcase classname="tests.test_journal" name="test_metrics_cleanup" time="0.001" /></testsuite></testsuites>