<?xml version="1.0" encoding="utf-8"?><testsuites name="pytest tests"><testsuite name="pytest" errors="0" failures="0" skipped="0" tests="12" time="11.933" timestamp="2026-06-29T21:36:06.114318+00:00" hostname="agent-env-df920cdb-683e-448e-8b96-d6d16cf4bc96"><testcase classname="tests.test_journal" name="test_start_requires_auth" time="0.975" /><testcase classname="tests.test_journal" name="test_start_journal_success" time="3.591" /><testcase classname="tests.test_journal" name="test_active_returns_open_journal" time="0.136" /><testcase classname="tests.test_journal" name="test_start_when_open_returns_409" time="0.103" /><testcase classname="tests.test_journal" name="test_fuel_zero_rejected" time="0.122" /><testcase classname="tests.test_journal" name="test_fuel_append" time="0.126" /><testcase classname="tests.test_journal" name="test_end_journal" time="2.800" /><testcase classname="tests.test_journal" name="test_start_after_close_allowed" time="3.214" /><testcase classname="tests.test_journal" name="test_list_journals_sorted_desc" time="0.129" /><testcase classname="tests.test_journal" name="test_manual_override_closed_recomputes_totals" time="0.216" /><testcase classname="tests.test_journal" name="test_manual_bad_field" time="0.116" /><testcase classname="tests.test_journal" name="test_delete_journals" time="0.321" /></testsuite></testsuites>