<?xml version="1.0" encoding="utf-8"?><testsuites name="pytest tests"><testsuite name="pytest" errors="0" failures="0" skipped="0" tests="9" time="3.128" timestamp="2026-09-19T14:16:15.748314+00:00" hostname="agent-env-df920cdb-683e-448e-8b96-d6d16cf4bc96"><testcase classname="tests.test_poi_seed_and_navigator" name="test_pharmacy_24_has_at_least_15" time="1.212" /><testcase classname="tests.test_poi_seed_and_navigator" name="test_tobacco_24_has_at_least_8" time="0.154" /><testcase classname="tests.test_poi_seed_and_navigator" name="test_nearby_sol_has_close_pharmacy_and_tobacco" time="0.150" /><testcase classname="tests.test_poi_seed_and_navigator" name="test_profile_update_preferred_navigator_waze" time="0.271" /><testcase classname="tests.test_poi_seed_and_navigator" name="test_profile_update_preferred_navigator_google_maps" time="0.319" /><testcase classname="tests.test_poi_seed_and_navigator" name="test_profile_update_preferred_navigator_invalid_returns_400" time="0.167" /><testcase classname="tests.test_poi_seed_and_navigator" name="test_poi_create_update_flow" time="0.418" /><testcase classname="tests.test_poi_seed_and_navigator" name="test_delete_builtin_type_forbidden" time="0.272" /><testcase classname="tests.test_poi_seed_and_navigator" name="test_driver_offers_ordered_by_distance" time="0.130" /></testsuite></testsuites>