<?xml version="1.0" encoding="utf-8"?><testsuites name="pytest tests"><testsuite name="pytest" errors="0" failures="2" skipped="0" tests="29" time="8.219" timestamp="2026-05-11T22:40:58.275058+00:00" hostname="agent-env-df920cdb-683e-448e-8b96-d6d16cf4bc96"><testcase classname="tests.test_prod_merge_regression.TestFlights" name="test_terminals_present" time="0.363" /><testcase classname="tests.test_prod_merge_regression.TestFlights" name="test_instant_demand_fields" time="0.000" /><testcase classname="tests.test_prod_merge_regression.TestFlights" name="test_prod_only_fields_present" time="0.000" /><testcase classname="tests.test_prod_merge_regression.TestFlights" name="test_per_arrival_fields" time="0.000" /><testcase classname="tests.test_prod_merge_regression.TestDailySummary" name="test_basic_fields" time="0.110" /><testcase classname="tests.test_prod_merge_regression.TestDailySummary" name="test_four_sections" time="0.000" /><testcase classname="tests.test_prod_merge_regression.TestDailySummary" name="test_bold_markers" time="0.000" /><testcase classname="tests.test_prod_merge_regression.TestDailySummary" name="test_sources_and_queries" time="0.000" /><testcase classname="tests.test_prod_merge_regression.TestRegenerateAuth" name="test_no_auth_unauthorized" time="0.106" /><testcase classname="tests.test_prod_merge_regression.TestRegenerateAuth" name="test_with_admin_ok" time="1.322"><failure message="AssertionError: regen failed: 502 {&quot;detail&quot;:&quot;Error regenerando resumen: 429 RESOURCE_EXHAUSTED. {'error': {'code': 429, 'message': 'You exceeded your current quota, please check your plan and billing details. For more information on t&#10;assert 502 == 200&#10; +  where 502 = &lt;Response [502]&gt;.status_code">tests/test_prod_merge_regression.py:137: in test_with_admin_ok
    assert r.status_code == 200, f"regen failed: {r.status_code} {r.text[:200]}"
E   AssertionError: regen failed: 502 {"detail":"Error regenerando resumen: 429 RESOURCE_EXHAUSTED. {'error': {'code': 429, 'message': 'You exceeded your current quota, please check your plan and billing details. For more information on t
E   assert 502 == 200
E    +  where 502 = &lt;Response [502]&gt;.status_code</failure></testcase><testcase classname="tests.test_prod_merge_regression.TestTrainsRegression" name="test_atocha_arrivals" time="0.134" /><testcase classname="tests.test_prod_merge_regression.TestBuses" name="test_no_auth_required" time="0.891" /><testcase classname="tests.test_prod_merge_regression.TestBuses" name="test_two_stations_present" time="0.559" /><testcase classname="tests.test_prod_merge_regression.TestReservations" name="test_no_auth_unauthorized" time="0.111" /><testcase classname="tests.test_prod_merge_regression.TestReservations" name="test_with_admin_ok" time="0.176" /><testcase classname="tests.test_prod_merge_regression.TestSmokeNo500" name="test_three_consecutive_calls[/api/flights]" time="0.928" /><testcase classname="tests.test_prod_merge_regression.TestSmokeNo500" name="test_three_consecutive_calls[/api/trains]" time="0.354" /><testcase classname="tests.test_prod_merge_regression.TestSmokeNo500" name="test_three_consecutive_calls[/api/buses]" time="1.617" /><testcase classname="tests.test_instant_demand_and_summary.TestInstantDemand" name="test_terminals_present" time="0.279" /><testcase classname="tests.test_instant_demand_and_summary.TestInstantDemand" name="test_instant_demand_fields_present" time="0.000" /><testcase classname="tests.test_instant_demand_and_summary.TestInstantDemand" name="test_instant_demand_value_types_and_ranges" time="0.000" /><testcase classname="tests.test_instant_demand_and_summary.TestInstantDemand" name="test_original_score_fields_preserved" time="0.000" /><testcase classname="tests.test_instant_demand_and_summary.TestDailySummary" name="test_basic_fields" time="0.108" /><testcase classname="tests.test_instant_demand_and_summary.TestDailySummary" name="test_four_sections_present" time="0.000" /><testcase classname="tests.test_instant_demand_and_summary.TestDailySummary" name="test_bold_markers_present" time="0.000" /><testcase classname="tests.test_instant_demand_and_summary.TestDailySummary" name="test_has_sources_and_queries" time="0.000" /><testcase classname="tests.test_instant_demand_and_summary.TestRegenerateAuth" name="test_no_auth_unauthorized" time="0.114" /><testcase classname="tests.test_instant_demand_and_summary.TestRegenerateAuth" name="test_with_admin_token_ok" time="0.814"><failure message="AssertionError: regen failed: 502 {&quot;detail&quot;:&quot;Error regenerando resumen: 429 RESOURCE_EXHAUSTED. {'error': {'code': 429, 'message': 'You exceeded your current quota, please check your plan and billing details. For more information on t&#10;assert 502 == 200&#10; +  where 502 = &lt;Response [502]&gt;.status_code">tests/test_instant_demand_and_summary.py:105: in test_with_admin_token_ok
    assert r.status_code == 200, f"regen failed: {r.status_code} {r.text[:200]}"
E   AssertionError: regen failed: 502 {"detail":"Error regenerando resumen: 429 RESOURCE_EXHAUSTED. {'error': {'code': 429, 'message': 'You exceeded your current quota, please check your plan and billing details. For more information on t
E   assert 502 == 200
E    +  where 502 = &lt;Response [502]&gt;.status_code</failure></testcase><testcase classname="tests.test_instant_demand_and_summary.TestTrainsRegression" name="test_trains_endpoint" time="0.112" /></testsuite></testsuites>