<?xml version="1.0" encoding="utf-8"?><testsuites name="pytest tests"><testsuite name="pytest" errors="0" failures="0" skipped="4" tests="18" time="3.572" timestamp="2026-07-20T01:08:32.691842+00:00" hostname="agent-env-df920cdb-683e-448e-8b96-d6d16cf4bc96"><testcase classname="tests.test_journal_upload_safety.TestSavePhotoUnit" name="test_accepts_normal_jpeg" time="0.865" /><testcase classname="tests.test_journal_upload_safety.TestSavePhotoUnit" name="test_accepts_500kb_body" time="0.002" /><testcase classname="tests.test_journal_upload_safety.TestSavePhotoUnit" name="test_extension_whitelist[jpg]" time="0.001" /><testcase classname="tests.test_journal_upload_safety.TestSavePhotoUnit" name="test_extension_whitelist[jpeg]" time="0.001" /><testcase classname="tests.test_journal_upload_safety.TestSavePhotoUnit" name="test_extension_whitelist[png]" time="0.001" /><testcase classname="tests.test_journal_upload_safety.TestSavePhotoUnit" name="test_extension_whitelist[webp]" time="0.001" /><testcase classname="tests.test_journal_upload_safety.TestSavePhotoUnit" name="test_extension_whitelist[heic]" time="0.001" /><testcase classname="tests.test_journal_upload_safety.TestSavePhotoUnit" name="test_extension_whitelist[heif]" time="0.001" /><testcase classname="tests.test_journal_upload_safety.TestSavePhotoUnit" name="test_unknown_extension_falls_back_to_jpg" time="0.001" /><testcase classname="tests.test_journal_upload_safety.TestSavePhotoUnit" name="test_empty_body_raises_400" time="0.001" /><testcase classname="tests.test_journal_upload_safety.TestSavePhotoUnit" name="test_body_over_20mb_raises_413" time="0.007" /><testcase classname="tests.test_journal_upload_safety.TestSavePhotoUnit" name="test_body_at_18mb_still_accepted" time="0.013" /><testcase classname="tests.test_journal_upload_safety.TestLiveJournalCycle" name="test_start_with_tiny_jpeg" time="0.318"><skipped type="pytest.skip" message="Gemini quota exhausted: {&quot;detail&quot;:&quot;El servicio de IA está temporalmente saturado. Espera unos segundos e inténtalo de nuevo.&quot;}">/app/backend/tests/test_journal_upload_safety.py:196: Gemini quota exhausted: {"detail":"El servicio de IA está temporalmente saturado. Espera unos segundos e inténtalo de nuevo."}</skipped></testcase><testcase classname="tests.test_journal_upload_safety.TestLiveJournalCycle" name="test_seed_manual_values" time="0.000"><skipped type="pytest.skip" message="no journal started">/app/backend/tests/test_journal_upload_safety.py:205: no journal started</skipped></testcase><testcase classname="tests.test_journal_upload_safety.TestLiveJournalCycle" name="test_add_fuel" time="0.000"><skipped type="pytest.skip" message="no journal">/app/backend/tests/test_journal_upload_safety.py:226: no journal</skipped></testcase><testcase classname="tests.test_journal_upload_safety.TestLiveJournalCycle" name="test_end_with_tiny_jpeg" time="0.001"><skipped type="pytest.skip" message="no journal">/app/backend/tests/test_journal_upload_safety.py:236: no journal</skipped></testcase><testcase classname="tests.test_journal_upload_safety.TestLiveBodySizeLimits" name="test_15mb_body_accepted" time="1.325" /><testcase classname="tests.test_journal_upload_safety.TestLiveBodySizeLimits" name="test_22mb_body_rejected_413" time="0.997" /></testsuite></testsuites>