<?xml version="1.0" encoding="utf-8"?><testsuites name="pytest tests"><testsuite name="pytest" errors="0" failures="0" skipped="0" tests="25" time="18.804" timestamp="2026-07-13T13:01:44.692775+00:00" hostname="agent-env-df920cdb-683e-448e-8b96-d6d16cf4bc96"><testcase classname="tests.test_daily_summary_strip_stale.TestStripStaleBulletsDropVsKeep" name="test_mad_cool_dropped" time="0.001" /><testcase classname="tests.test_daily_summary_strip_stale.TestStripStaleBulletsDropVsKeep" name="test_iberdrola_music_dropped" time="0.001" /><testcase classname="tests.test_daily_summary_strip_stale.TestStripStaleBulletsDropVsKeep" name="test_auditorio_rivas_dropped" time="0.000" /><testcase classname="tests.test_daily_summary_strip_stale.TestStripStaleBulletsDropVsKeep" name="test_veranos_villa_kept" time="0.000" /><testcase classname="tests.test_daily_summary_strip_stale.TestStripStaleBulletsDropVsKeep" name="test_chulissima_kept" time="0.000" /><testcase classname="tests.test_daily_summary_strip_stale.TestStripStaleBulletsDropVsKeep" name="test_rosalia_today_iso_kept" time="0.000" /><testcase classname="tests.test_daily_summary_strip_stale.TestStripStaleBulletsDropVsKeep" name="test_no_date_bullet_kept_by_default" time="0.000" /><testcase classname="tests.test_daily_summary_strip_stale.TestStripStaleBulletsNonEventSectionsUntouched" name="test_meteo_past_dated_bullet_preserved" time="0.000" /><testcase classname="tests.test_daily_summary_strip_stale.TestStripStaleBulletsNonEventSectionsUntouched" name="test_alertas_past_dated_bullet_preserved" time="0.000" /><testcase classname="tests.test_daily_summary_strip_stale.TestStripStaleBulletsNonEventSectionsUntouched" name="test_aeropuerto_past_bullet_preserved" time="0.000" /><testcase classname="tests.test_daily_summary_strip_stale.TestStripStaleBulletsNonEventSectionsUntouched" name="test_prevision_manana_past_bullet_preserved" time="0.000" /><testcase classname="tests.test_daily_summary_strip_stale.TestStripStaleBulletsSectionTracker" name="test_bracketed_text_inside_bullet_does_not_switch_section" time="0.000" /><testcase classname="tests.test_daily_summary_strip_stale.TestStripStaleBulletsSectionTracker" name="test_blank_line_between_sections_does_not_break_parsing" time="0.000" /><testcase classname="tests.test_daily_summary_strip_stale.TestStripStaleBulletsSectionTracker" name="test_unknown_section_header_does_not_crash" time="0.000" /><testcase classname="tests.test_daily_summary_strip_stale.TestStripStaleBulletsEndDateEqualsToday" name="test_bullet_ending_today_iso_is_kept" time="0.000" /><testcase classname="tests.test_daily_summary_strip_stale.TestStripStaleBulletsEndDateEqualsToday" name="test_bullet_ending_today_written_as_day_month_is_kept" time="0.000" /><testcase classname="tests.test_daily_summary_strip_stale.TestStripStaleBulletsEndDateEqualsToday" name="test_bullet_ending_yesterday_is_dropped" time="0.000" /><testcase classname="tests.test_daily_summary_strip_stale.TestStripStaleBulletsMalformedInput" name="test_empty_string" time="0.000" /><testcase classname="tests.test_daily_summary_strip_stale.TestStripStaleBulletsMalformedInput" name="test_none_returns_none_gracefully" time="0.000" /><testcase classname="tests.test_daily_summary_strip_stale.TestStripStaleBulletsMalformedInput" name="test_single_line" time="0.000" /><testcase classname="tests.test_daily_summary_strip_stale.TestStripStaleBulletsMalformedInput" name="test_only_headers_no_bullets" time="0.000" /><testcase classname="tests.test_daily_summary_strip_stale.TestStripStaleBulletsMalformedInput" name="test_only_bullets_no_headers" time="0.000" /><testcase classname="tests.test_daily_summary_strip_stale.TestGenerateSummaryAppliesStripFilter" name="test_strip_filter_removes_mad_cool_and_iberdrola_when_verify_is_identity" time="0.002" /><testcase classname="tests.test_daily_summary_strip_stale.TestStripFilterRunsAfterVerifyRaises" name="test_verify_pass_raises_but_strip_still_applied" time="0.001" /><testcase classname="tests.test_daily_summary_strip_stale.TestLiveNoStaleBullets" name="test_force_refresh_has_no_mad_cool_or_iberdrola_music" time="18.731" /></testsuite></testsuites>