<?xml version="1.0" encoding="utf-8"?><testsuites name="pytest tests"><testsuite name="pytest" errors="0" failures="0" skipped="0" tests="10" time="27.963" timestamp="2026-05-11T14:48:13.993720+00:00" hostname="agent-env-df920cdb-683e-448e-8b96-d6d16cf4bc96"><testcase classname="tests.test_daily_summary.TestDailySummaryGet" name="test_endpoint_returns_200" time="0.240" /><testcase classname="tests.test_daily_summary.TestDailySummaryGet" name="test_response_has_required_fields" time="0.065" /><testcase classname="tests.test_daily_summary.TestDailySummaryGet" name="test_summary_is_spanish_and_real_events" time="0.066" /><testcase classname="tests.test_daily_summary.TestDailySummaryGet" name="test_date_format" time="0.063" /><testcase classname="tests.test_daily_summary.TestDailySummaryGet" name="test_search_queries_not_empty" time="0.065" /><testcase classname="tests.test_daily_summary.TestDailySummaryGet" name="test_sources_not_empty" time="0.073" /><testcase classname="tests.test_daily_summary.TestDailySummaryGet" name="test_cached_flag_present" time="0.062" /><testcase classname="tests.test_daily_summary.TestDailySummaryRegenerate" name="test_regenerate_without_auth_unauthorized" time="0.066" /><testcase classname="tests.test_daily_summary.TestDailySummaryRegenerate" name="test_regenerate_with_admin_auth" time="27.013" /><testcase classname="tests.test_daily_summary.TestDailySummaryPersistence" name="test_mongo_doc_exists_after_get" time="0.223" /></testsuite></testsuites>