<?xml version="1.0" encoding="utf-8"?><testsuites name="pytest tests"><testsuite name="pytest" errors="0" failures="0" skipped="0" tests="42" time="55.694" timestamp="2026-07-19T22:49:54.132496+00:00" hostname="agent-env-df920cdb-683e-448e-8b96-d6d16cf4bc96"><testcase classname="tests.test_daily_summary_soften_widen.TestBuildPromptSoftenWidenKeywords" name="test_softened_ultimo_recurso" time="0.001" /><testcase classname="tests.test_daily_summary_soften_widen.TestBuildPromptSoftenWidenKeywords" name="test_acontecimientos_nacionales_rule" time="0.000" /><testcase classname="tests.test_daily_summary_soften_widen.TestBuildPromptSoftenWidenKeywords" name="test_autocine_madrid_saturation_zone" time="0.000" /><testcase classname="tests.test_daily_summary_soften_widen.TestBuildPromptSoftenWidenKeywords" name="test_cibeles_neptuno_victorias" time="0.000" /><testcase classname="tests.test_daily_summary_soften_widen.TestBuildPromptSoftenWidenKeywords" name="test_mencionalo_siempre_mandate" time="0.000" /><testcase classname="tests.test_daily_summary_soften_widen.TestBuildPromptSoftenWidenKeywords" name="test_debiera_softener_for_bullets" time="0.000" /><testcase classname="tests.test_daily_summary_soften_widen.TestBuildPromptSoftenWidenKeywords" name="test_include_bullet_do_not_discard" time="0.000" /><testcase classname="tests.test_daily_summary_soften_widen.TestHasEmptyEventSections" name="test_none_returns_3" time="0.000" /><testcase classname="tests.test_daily_summary_soften_widen.TestHasEmptyEventSections" name="test_empty_string_returns_3" time="0.000" /><testcase classname="tests.test_daily_summary_soften_widen.TestHasEmptyEventSections" name="test_all_three_empty_returns_3" time="0.000" /><testcase classname="tests.test_daily_summary_soften_widen.TestHasEmptyEventSections" name="test_all_three_have_content_returns_0" time="0.000" /><testcase classname="tests.test_daily_summary_soften_widen.TestHasEmptyEventSections" name="test_two_empty_one_full_returns_2" time="0.000" /><testcase classname="tests.test_daily_summary_soften_widen.TestHasEmptyEventSections" name="test_two_full_one_empty_returns_1" time="0.000" /><testcase classname="tests.test_daily_summary_soften_widen.TestHasEmptyEventSections" name="test_sin_eventos_verificados_variant_counts_as_empty" time="0.000" /><testcase classname="tests.test_daily_summary_soften_widen.TestHasEmptyEventSections" name="test_mixed_content_and_placeholder" time="0.000" /><testcase classname="tests.test_daily_summary_soften_widen.TestRetryPromptSofter" name="test_returns_string" time="0.000" /><testcase classname="tests.test_daily_summary_soften_widen.TestRetryPromptSofter" name="test_contains_reintento" time="0.000" /><testcase classname="tests.test_daily_summary_soften_widen.TestRetryPromptSofter" name="test_contains_requisitos_relajados" time="0.000" /><testcase classname="tests.test_daily_summary_soften_widen.TestRetryPromptSofter" name="test_contains_horario_por_confirmar" time="0.000" /><testcase classname="tests.test_daily_summary_soften_widen.TestRetryPromptSofter" name="test_contains_cibeles" time="0.000" /><testcase classname="tests.test_daily_summary_soften_widen.TestRetryPromptSofter" name="test_contains_autocine_madrid" time="0.000" /><testcase classname="tests.test_daily_summary_soften_widen.TestRetryPromptSofter" name="test_contains_puerta_del_sol" time="0.000" /><testcase classname="tests.test_daily_summary_soften_widen.TestRetryPromptSofter" name="test_contains_at_least_2_3_bullets_reales" time="0.000" /><testcase classname="tests.test_daily_summary_soften_widen.TestStripHallucinatedInstructions" name="test_hallucinated_markers_list_contains_no_rellenes" time="0.000" /><testcase classname="tests.test_daily_summary_soften_widen.TestStripHallucinatedInstructions" name="test_removes_no_rellenes_from_grandes_eventos" time="0.000" /><testcase classname="tests.test_daily_summary_soften_widen.TestStripHallucinatedInstructions" name="test_removes_no_rellenes_from_teatros_y_ocio" time="0.000" /><testcase classname="tests.test_daily_summary_soften_widen.TestStripHallucinatedInstructions" name="test_removes_no_rellenes_from_alertas_trafico" time="0.000" /><testcase classname="tests.test_daily_summary_soften_widen.TestStripHallucinatedInstructions" name="test_does_not_touch_aeropuerto_section" time="0.000" /><testcase classname="tests.test_daily_summary_soften_widen.TestStripHallucinatedInstructions" name="test_normal_bullets_left_alone" time="0.000" /><testcase classname="tests.test_daily_summary_soften_widen.TestStripHallucinatedInstructions" name="test_empty_input_safe" time="0.000" /><testcase classname="tests.test_daily_summary_soften_widen.TestStripHallucinatedInstructions" name="test_none_input_safe" time="0.000" /><testcase classname="tests.test_daily_summary_soften_widen.TestStripHallucinatedInstructions" name="test_removes_el_servidor_reemplaza_marker" time="0.000" /><testcase classname="tests.test_daily_summary_soften_widen.TestStripHallucinatedInstructions" name="test_removes_dejala_vacia_marker" time="0.000" /><testcase classname="tests.test_daily_summary_soften_widen.TestStripStaleBulletsFailOpen" name="test_section_kept_when_all_bullets_would_be_stripped" time="0.001" /><testcase classname="tests.test_daily_summary_soften_widen.TestStripStaleBulletsFailOpen" name="test_stale_removed_when_at_least_one_survives" time="0.000" /><testcase classname="tests.test_daily_summary_soften_widen.TestStripStaleBulletsFailOpen" name="test_teatros_section_also_fail_open" time="0.000" /><testcase classname="tests.test_daily_summary_soften_widen.TestGenerateSummarySyncSignature" name="test_signature_has_extra_prompt_kwarg" time="0.000" /><testcase classname="tests.test_daily_summary_soften_widen.TestGenerateSummarySyncSignature" name="test_temperature_bumps_to_0_3_when_extra_prompt_provided" time="0.337" /><testcase classname="tests.test_daily_summary_soften_widen.TestGenerateSummaryRetryPath" name="test_retry_triggered_when_first_pass_empty" time="0.002" /><testcase classname="tests.test_daily_summary_soften_widen.TestGenerateSummaryRetryPath" name="test_retry_NOT_triggered_when_first_pass_has_content" time="0.039" /><testcase classname="tests.test_daily_summary_soften_widen.TestGenerateSummaryRetryPath" name="test_retry_ignored_when_retry_also_empty" time="0.002" /><testcase classname="tests.test_daily_summary_soften_widen.TestLiveForceRefresh" name="test_force_refresh_returns_200_with_populated_sections" time="55.210" /></testsuite></testsuites>