<?xml version="1.0" encoding="utf-8"?><testsuites name="pytest tests"><testsuite name="pytest" errors="0" failures="0" skipped="0" tests="12" time="56.117" timestamp="2026-07-13T12:18:16.880364+00:00" hostname="agent-env-df920cdb-683e-448e-8b96-d6d16cf4bc96"><testcase classname="tests.test_daily_summary_date_verification.TestBuildPromptDateVerification" name="test_all_required_keywords_present" time="0.001" /><testcase classname="tests.test_daily_summary_date_verification.TestBuildPromptDateVerification" name="test_today_iso_date_appears_at_least_twice" time="0.000" /><testcase classname="tests.test_daily_summary_date_verification.TestVerifyEventsSyncExists" name="test_is_callable" time="0.000" /><testcase classname="tests.test_daily_summary_date_verification.TestVerifyEventsSyncExists" name="test_returns_string_and_doesnt_crash_on_mad_cool_bullet" time="6.566" /><testcase classname="tests.test_daily_summary_date_verification.TestGenerateSummaryCallsVerify" name="test_verify_called_once_with_initial_summary" time="0.002" /><testcase classname="tests.test_daily_summary_date_verification.TestTemperatureLowered" name="test_main_generation_temperature_is_0_2" time="0.000" /><testcase classname="tests.test_daily_summary_date_verification.TestTemperatureLowered" name="test_verify_pass_temperature_is_0_1" time="0.000" /><testcase classname="tests.test_daily_summary_date_verification.TestCacheStaleSlotIgnored" name="test_stale_slot_returns_none_or_non_stale" time="0.005" /><testcase classname="tests.test_daily_summary_date_verification.TestLiveForceRefresh" name="test_force_refresh_returns_200_and_all_sections" time="49.340" /><testcase classname="tests.test_daily_summary_date_verification.TestLiveForceRefresh" name="test_no_known_past_events_in_result" time="0.000" /><testcase classname="tests.test_daily_summary_date_verification.TestLiveCacheReturnsSameGeneratedAt" name="test_second_call_returns_cached" time="0.087" /><testcase classname="tests.test_daily_summary_date_verification.TestLivePublicEndpoint" name="test_public_endpoint_200" time="0.044" /></testsuite></testsuites>