<?xml version="1.0" encoding="utf-8"?><testsuites name="pytest tests"><testsuite name="pytest" errors="0" failures="0" skipped="0" tests="9" time="28.889" timestamp="2026-07-19T23:40:14.170609+00:00" hostname="agent-env-df920cdb-683e-448e-8b96-d6d16cf4bc96"><testcase classname="tests.test_cors_config.TestWildcardMode" name="test_preflight_no_credentials" time="2.822" /><testcase classname="tests.test_cors_config.TestWildcardMode" name="test_simple_get_no_credentials" time="2.391" /><testcase classname="tests.test_cors_config.TestWildcardMode" name="test_retry_after_in_expose_headers" time="3.172" /><testcase classname="tests.test_cors_config.TestWildcardMode" name="test_startup_warning_emitted" time="3.016" /><testcase classname="tests.test_cors_config.TestSpecificOriginMode" name="test_preflight_echoes_origin_with_credentials" time="2.949" /><testcase classname="tests.test_cors_config.TestSpecificOriginMode" name="test_second_allowed_origin_also_works" time="2.721" /><testcase classname="tests.test_cors_config.TestSpecificOriginMode" name="test_disallowed_origin_no_acao_header" time="1.947" /><testcase classname="tests.test_cors_config.TestSpecificOriginMode" name="test_retry_after_in_expose_headers" time="2.850" /><testcase classname="tests.test_cors_config.TestSpecificOriginMode" name="test_journal_start_upload_with_origin" time="6.957" /></testsuite></testsuites>