<?xml version="1.0" encoding="utf-8"?><testsuites name="pytest tests"><testsuite name="pytest" errors="0" failures="0" skipped="0" tests="18" time="3.829" timestamp="2026-02-16T20:57:41.666775+00:00" hostname="agent-env-1f2f9271-8fb0-4894-a7a3-640090cc4d35"><testcase classname="tests.test_trains_renfe_gtfs.TestTrainsEndpoint" name="test_trains_endpoint_returns_200" time="0.345" /><testcase classname="tests.test_trains_renfe_gtfs.TestTrainsEndpoint" name="test_trains_response_contains_atocha" time="0.285" /><testcase classname="tests.test_trains_renfe_gtfs.TestTrainsEndpoint" name="test_trains_response_contains_chamartin" time="0.229" /><testcase classname="tests.test_trains_renfe_gtfs.TestTrainsEndpoint" name="test_trains_response_contains_required_fields" time="0.222" /><testcase classname="tests.test_trains_renfe_gtfs.TestTrainsEndpoint" name="test_trains_response_winner_fields_valid" time="0.157" /><testcase classname="tests.test_trains_renfe_gtfs.TestTrainArrivalData" name="test_train_arrivals_have_required_fields" time="0.177" /><testcase classname="tests.test_trains_renfe_gtfs.TestTrainArrivalData" name="test_train_type_is_valid" time="0.210" /><testcase classname="tests.test_trains_renfe_gtfs.TestTrainArrivalData" name="test_train_number_format" time="0.201" /><testcase classname="tests.test_trains_renfe_gtfs.TestTrainArrivalData" name="test_arrival_time_format" time="0.167" /><testcase classname="tests.test_trains_renfe_gtfs.TestTrainsStationCounts" name="test_station_counts_are_integers" time="0.216" /><testcase classname="tests.test_trains_renfe_gtfs.TestTrainsStationCounts" name="test_30min_count_not_greater_than_60min" time="0.188" /><testcase classname="tests.test_trains_renfe_gtfs.TestTrainsWithShiftFilter" name="test_trains_day_shift" time="0.121" /><testcase classname="tests.test_trains_renfe_gtfs.TestTrainsWithShiftFilter" name="test_trains_night_shift" time="0.199" /><testcase classname="tests.test_trains_renfe_gtfs.TestTrainsWithShiftFilter" name="test_trains_all_shift" time="0.142" /><testcase classname="tests.test_trains_renfe_gtfs.TestRenfeGTFSIntegration" name="test_health_endpoint_shows_gtfs_status" time="0.175" /><testcase classname="tests.test_trains_renfe_gtfs.TestRenfeGTFSIntegration" name="test_trains_source_field_when_from_renfe" time="0.138" /><testcase classname="tests.test_trains_renfe_gtfs.TestCacheSystem" name="test_multiple_requests_consistent" time="0.442" /><testcase classname="tests.test_trains_renfe_gtfs.TestCacheSystem" name="test_last_update_timestamp_valid" time="0.163" /></testsuite></testsuites>