<?xml version="1.0" encoding="utf-8"?><testsuites name="pytest tests"><testsuite name="pytest" errors="0" failures="0" skipped="1" tests="13" time="11.617" timestamp="2026-02-17T08:29:47.822603+00:00" hostname="agent-env-df920cdb-683e-448e-8b96-d6d16cf4bc96"><testcase classname="tests.test_fare_calculator.TestM30BoundaryDetection" name="test_inside_m30_puerta_del_sol" time="0.367" /><testcase classname="tests.test_fare_calculator.TestM30BoundaryDetection" name="test_inside_m30_gran_via" time="1.432" /><testcase classname="tests.test_fare_calculator.TestM30BoundaryDetection" name="test_inside_m30_plaza_espana" time="0.913" /><testcase classname="tests.test_fare_calculator.TestM30BoundaryDetection" name="test_outside_m30_alcobendas" time="0.254" /><testcase classname="tests.test_fare_calculator.TestM30BoundaryDetection" name="test_outside_m30_getafe" time="0.590" /><testcase classname="tests.test_fare_calculator.TestM30BoundaryDetection" name="test_outside_m30_pozuelo" time="0.621" /><testcase classname="tests.test_fare_calculator.TestGeocodingEndpoint" name="test_forward_geocode_returns_coordinates" time="2.699" /><testcase classname="tests.test_fare_calculator.TestGeocodingEndpoint" name="test_forward_geocode_not_found" time="0.483" /><testcase classname="tests.test_fare_calculator.TestRouteDistanceEndpoint" name="test_calculate_route_distance" time="0.170"><skipped type="pytest.skip" message="Route distance API requires authentication">/app/backend/tests/test_fare_calculator.py:154: Route distance API requires authentication</skipped></testcase><testcase classname="tests.test_fare_calculator.TestFareCalculatorIntegration" name="test_tarifa_4_airport_to_inside_m30" time="0.305" /><testcase classname="tests.test_fare_calculator.TestFareCalculatorIntegration" name="test_tarifa_3_airport_to_outside_m30" time="2.400" /><testcase classname="tests.test_fare_calculator.TestFareCalculatorIntegration" name="test_tarifa_7_station_origin_detection" time="1.213" /><testcase classname="tests.test_fare_calculator.TestPublicSummaryEndpoint" name="test_public_summary_available" time="0.132" /></testsuite></testsuites>