<?xml version="1.0" encoding="utf-8"?><testsuites name="pytest tests"><testsuite name="pytest" errors="0" failures="0" skipped="0" tests="11" time="11.106" timestamp="2026-02-17T01:42:35.506176+00:00" hostname="agent-env-82ab399b-aa59-48ed-9e90-a19b63705b8b"><testcase classname="tests.test_taxi_needed_zones.TestAuthentication" name="test_login_admin" time="0.682" /><testcase classname="tests.test_taxi_needed_zones.TestTaxiNeededZonesEndpoints" name="test_post_taxi_needed_zone_success" time="1.413" /><testcase classname="tests.test_taxi_needed_zones.TestTaxiNeededZonesEndpoints" name="test_post_taxi_needed_zone_deduplication" time="1.347" /><testcase classname="tests.test_taxi_needed_zones.TestTaxiNeededZonesEndpoints" name="test_post_taxi_needed_zone_unauthorized" time="0.749" /><testcase classname="tests.test_taxi_needed_zones.TestTaxiNeededZonesEndpoints" name="test_get_taxi_needed_zones_success" time="0.769" /><testcase classname="tests.test_taxi_needed_zones.TestTaxiNeededZonesEndpoints" name="test_get_taxi_needed_zones_with_user_location" time="0.784" /><testcase classname="tests.test_taxi_needed_zones.TestTaxiNeededZonesEndpoints" name="test_get_taxi_needed_zones_unauthorized" time="0.711" /><testcase classname="tests.test_taxi_needed_zones.TestTaxiNeededZonesEndpoints" name="test_delete_taxi_needed_zone_success" time="1.130" /><testcase classname="tests.test_taxi_needed_zones.TestTaxiNeededZonesEndpoints" name="test_delete_taxi_needed_zone_not_found" time="0.652" /><testcase classname="tests.test_taxi_needed_zones.TestTaxiNeededZonesEndpoints" name="test_delete_taxi_needed_zone_unauthorized" time="0.767" /><testcase classname="tests.test_taxi_needed_zones.TestTaxiNeededZonesIntegration" name="test_full_workflow_create_read_delete" time="2.040" /></testsuite></testsuites>