<?xml version="1.0" encoding="utf-8"?><testsuites name="pytest tests"><testsuite name="pytest" errors="0" failures="0" skipped="0" tests="20" time="70.611" timestamp="2026-07-13T11:42:30.929024+00:00" hostname="agent-env-df920cdb-683e-448e-8b96-d6d16cf4bc96"><testcase classname="tests.test_daily_summary_freshness.TestBuildPrompt" name="test_prompt_contains_current_hour" time="0.001" /><testcase classname="tests.test_daily_summary_freshness.TestBuildPrompt" name="test_prompt_contains_hora_de_referencia" time="0.000" /><testcase classname="tests.test_daily_summary_freshness.TestBuildPrompt" name="test_prompt_contains_ayer_anteayer_rule" time="0.000" /><testcase classname="tests.test_daily_summary_freshness.TestBuildPrompt" name="test_prompt_contains_finalization_rule" time="0.000" /><testcase classname="tests.test_daily_summary_freshness.TestBuildPrompt" name="test_prompt_contains_en_curso_marker" time="0.000" /><testcase classname="tests.test_daily_summary_freshness.TestBuildPrompt" name="test_prompt_contains_totalmente_prohibidos" time="0.000" /><testcase classname="tests.test_daily_summary_freshness.TestBuildPrompt" name="test_prompt_uses_today_madrid_date" time="0.000" /><testcase classname="tests.test_daily_summary_freshness.TestBuildPrompt" name="test_prompt_uses_now_hhmm" time="0.000" /><testcase classname="tests.test_daily_summary_freshness.TestCacheSlot" name="test_slot_format" time="0.000" /><testcase classname="tests.test_daily_summary_freshness.TestCacheSlot" name="test_slot_hour_in_allowed_bucket" time="0.000" /><testcase classname="tests.test_daily_summary_freshness.TestCacheSlot" name="test_slot_matches_current_madrid_bucket" time="0.000" /><testcase classname="tests.test_daily_summary_freshness.TestCachePersistence" name="test_persist_and_load_by_cache_slot" time="0.005" /><testcase classname="tests.test_daily_summary_freshness.TestCachePersistence" name="test_load_cached_ignores_previous_slot" time="0.001" /><testcase classname="tests.test_daily_summary_freshness.TestDailySummaryEndpoint" name="test_endpoint_200" time="35.434" /><testcase classname="tests.test_daily_summary_freshness.TestDailySummaryEndpoint" name="test_payload_shape" time="0.044" /><testcase classname="tests.test_daily_summary_freshness.TestDailySummaryEndpoint" name="test_cache_slot_format_and_current" time="0.044" /><testcase classname="tests.test_daily_summary_freshness.TestDailySummaryEndpoint" name="test_second_call_returns_cached_same_slot" time="0.087" /><testcase classname="tests.test_daily_summary_freshness.TestDailySummaryEndpoint" name="test_force_refresh_regenerates_or_503" time="34.796" /><testcase classname="tests.test_daily_summary_freshness.TestPublicEndpointFreshness" name="test_public_endpoint_200" time="0.043" /><testcase classname="tests.test_daily_summary_freshness.TestPublicEndpointFreshness" name="test_public_endpoint_uses_current_slot" time="0.088" /></testsuite></testsuites>