<?xml version="1.0" encoding="utf-8"?><testsuites name="pytest tests"><testsuite name="pytest" errors="0" failures="0" skipped="0" tests="15" time="3.051" timestamp="2026-09-14T17:17:53.323035+00:00" hostname="agent-env-df920cdb-683e-448e-8b96-d6d16cf4bc96"><testcase classname="tests.test_rides" name="test_client_rejected_when_verification_code_is_wrong" time="0.453" /><testcase classname="tests.test_rides" name="test_driver_qr_rotate_generates_new_code" time="0.005" /><testcase classname="tests.test_rides" name="test_client_can_set_password_and_log_in_with_it" time="0.675" /><testcase classname="tests.test_rides" name="test_login_fails_when_account_has_no_password" time="0.008" /><testcase classname="tests.test_rides" name="test_client_can_register_and_create_asap_ride" time="0.008" /><testcase classname="tests.test_rides" name="test_scheduled_ride_beyond_6h_is_assigned_to_qr_associated_driver" time="0.009" /><testcase classname="tests.test_rides" name="test_scheduled_ride_within_6h_falls_into_open_offers" time="0.007" /><testcase classname="tests.test_rides" name="test_driver_accept_marks_ride_and_prevents_second_accept" time="0.012" /><testcase classname="tests.test_rides" name="test_client_sees_driver_phone_after_accept" time="0.012" /><testcase classname="tests.test_rides" name="test_client_can_cancel_pending_ride" time="0.010" /><testcase classname="tests.test_rides" name="test_client_can_cancel_accepted_ride" time="0.013" /><testcase classname="tests.test_rides" name="test_client_cannot_cancel_in_progress_ride" time="0.015" /><testcase classname="tests.test_password_reset" name="test_driver_forgot_password_creates_token_and_reset_works" time="0.353" /><testcase classname="tests.test_password_reset" name="test_driver_forgot_password_hides_whether_email_exists" time="0.002" /><testcase classname="tests.test_password_reset" name="test_client_forgot_password_end_to_end" time="1.424" /></testsuite></testsuites>