<analysis>
**original_problem_statement**: The user initially requested a gamification/points system. This was successfully implemented. Subsequently, the user requested a series of major new features:

1.  **Moderation & Reporting System**:
    *   Users can create reports (for inappropriate behavior, spam, etc.) from a button in Settings. Reports can include image/video attachments.
    *   A new Moderator role is introduced. Reports are first reviewed by moderators.
    *   Moderators can approve a report (passing it to admins) or reject it.
    *   Admins make the final decision on approved reports and can issue bans (6h, 12h, 48h, permanent).
    *   A new Moderation tab, visible to moderators and admins, lists pending user reports and promotion requests.
    *   The Admin tab is updated to show reports approved by moderators, awaiting final admin decision.

2.  **Point-Based Promotion System**:
    *   Users who reach 1500 points automatically generate a promotion request for moderators to review to become a moderator.
    *   Moderators who reach 3000 points automatically generate a promotion request for admins to review to become an admin.
    *   These requests appear in the Moderation and Admin tabs, respectively.

3.  **Enhanced Invitation Management**:
    *   The user profile statistics (Invited Taxists, Active Invitations, Pending Requests) should be clickable.
    *   Clicking them should open dedicated modals to view lists of invited users, manage invitation codes (create new, view active/used), and handle pending approval requests.

4.  **User Manual Updates**:
    *   The User Manual () should be updated to include detailed sections explaining the new Points, Invitations, and Reporting systems.

5.  **Social Features**:
    *   A new Social tab in the app.
    *   **Friends System**: Users can send, accept, and reject friend requests.
    *   **Direct Messaging**: Users can have private, one-on-one chats with their friends.
    *   **Group Chats**: Users can create, join, and chat in groups.
    *   **Profile Privacy**: Users can set their profile to be public or private.

**User's preferred language**: español

**what currently exists?**
The application is a full-stack Expo (React Native) and FastAPI application. The frontend is a massive monolithic  file (now likely over 15,000 lines) which contains the logic and UI for all features, including the recently completed points, moderation, and invitation management systems. The backend has been significantly extended with new routers: , , and . The  router and associated backend logic are complete, but the frontend implementation for the social features is currently in progress. A separate  file exists for the user manual.

**Last working item**:
    - Last item agent was working: Implementing the frontend for the comprehensive Social Features (Friends, DMs, Group Chats) in . The agent had just finished adding the backend router () and was in the middle of adding the necessary states, data-fetching functions, UI components (the Social tab, modals for creating groups/viewing profiles), and styles to the  file.
    - Status: IN PROGRESS
    - Agent Testing Done: N (The new Social feature is completely untested on both backend and frontend).
    - Which testing method agent to use? both. The  backend endpoints need to be tested first using . Afterwards, the new Social tab and its functionalities on the frontend need to be tested with the .
    - User Testing Done: N

**All Pending/In progress Issue list**:
  - Issue 1: Failing backend test suite. (P1)

  Issues Detail:
  - Issue 1: 
     - Description: The ============================= test session starts ==============================
platform linux -- Python 3.11.14, pytest-9.0.2, pluggy-1.6.0
rootdir: /app/frontend
plugins: asyncio-1.3.0, anyio-4.12.0
asyncio: mode=Mode.STRICT, debug=False, asyncio_default_fixture_loop_scope=None, asyncio_default_test_loop_scope=function
collected 0 items

============================ no tests ran in 0.01s ============================= test suite in  has failing tests, likely due to fixture setup or outdated tests that don't account for the massive amount of recent schema/logic changes (points, moderation, social). This was identified in a previous session and remains unaddressed.
     - Attempted fixes: None.
     - Next debug checklist:
        1. Run ============================= test session starts ==============================
platform linux -- Python 3.11.14, pytest-9.0.2, pluggy-1.6.0
rootdir: /app/backend
configfile: pytest.ini
plugins: asyncio-1.3.0, anyio-4.12.0
asyncio: mode=Mode.AUTO, debug=False, asyncio_default_fixture_loop_scope=None, asyncio_default_test_loop_scope=function
collected 15 items

../backend/tests/test_api.py .FFFFE....FFEF.                             [100%]

==================================== ERRORS ====================================
_______________ ERROR at setup of TestAuth.test_get_current_user _______________

self = <Coroutine test_get_current_user>

    def setup(self) -> None:
        runner_fixture_id = f"_{self._loop_scope}_scoped_runner"
        if runner_fixture_id not in self.fixturenames:
            self.fixturenames.append(runner_fixture_id)
>       return super().setup()
               ^^^^^^^^^^^^^^^

/root/.venv/lib/python3.11/site-packages/pytest_asyncio/plugin.py:458: 
_ _ _ _ _ _ _ _ _ _ _ _ _ _ _ _ _ _ _ _ _ _ _ _ _ _ _ _ _ _ _ _ _ _ _ _ _ _ _ _ 
/root/.venv/lib/python3.11/site-packages/pytest_asyncio/plugin.py:743: in pytest_fixture_setup
    hook_result = yield
                  ^^^^^
/root/.venv/lib/python3.11/site-packages/pytest_asyncio/plugin.py:313: in _asyncgen_fixture_wrapper
    result = runner.run(setup(), context=context)
             ^^^^^^^^^^^^^^^^^^^^^^^^^^^^^^^^^^^^
/usr/local/lib/python3.11/asyncio/runners.py:118: in run
    return self._loop.run_until_complete(task)
           ^^^^^^^^^^^^^^^^^^^^^^^^^^^^^^^^^^^
/usr/local/lib/python3.11/asyncio/base_events.py:654: in run_until_complete
    return future.result()
           ^^^^^^^^^^^^^^^
/root/.venv/lib/python3.11/site-packages/pytest_asyncio/plugin.py:309: in setup
    res = await gen_obj.__anext__()
          ^^^^^^^^^^^^^^^^^^^^^^^^^
../backend/tests/conftest.py:53: in authenticated_client
    login_response = await client.post("/api/auth/login", json={
/root/.venv/lib/python3.11/site-packages/httpx/_client.py:1859: in post
    return await self.request(
/root/.venv/lib/python3.11/site-packages/httpx/_client.py:1540: in request
    return await self.send(request, auth=auth, follow_redirects=follow_redirects)
           ^^^^^^^^^^^^^^^^^^^^^^^^^^^^^^^^^^^^^^^^^^^^^^^^^^^^^^^^^^^^^^^^^^^^^^
/root/.venv/lib/python3.11/site-packages/httpx/_client.py:1629: in send
    response = await self._send_handling_auth(
/root/.venv/lib/python3.11/site-packages/httpx/_client.py:1657: in _send_handling_auth
    response = await self._send_handling_redirects(
/root/.venv/lib/python3.11/site-packages/httpx/_client.py:1694: in _send_handling_redirects
    response = await self._send_single_request(request)
               ^^^^^^^^^^^^^^^^^^^^^^^^^^^^^^^^^^^^^^^^
/root/.venv/lib/python3.11/site-packages/httpx/_client.py:1730: in _send_single_request
    response = await transport.handle_async_request(request)
               ^^^^^^^^^^^^^^^^^^^^^^^^^^^^^^^^^^^^^^^^^^^^^
/root/.venv/lib/python3.11/site-packages/httpx/_transports/asgi.py:170: in handle_async_request
    await self.app(scope, receive, send)
/root/.venv/lib/python3.11/site-packages/fastapi/applications.py:1054: in __call__
    await super().__call__(scope, receive, send)
/root/.venv/lib/python3.11/site-packages/starlette/applications.py:123: in __call__
    await self.middleware_stack(scope, receive, send)
/root/.venv/lib/python3.11/site-packages/starlette/middleware/errors.py:186: in __call__
    raise exc
/root/.venv/lib/python3.11/site-packages/starlette/middleware/errors.py:164: in __call__
    await self.app(scope, receive, _send)
/root/.venv/lib/python3.11/site-packages/starlette/middleware/cors.py:85: in __call__
    await self.app(scope, receive, send)
/root/.venv/lib/python3.11/site-packages/starlette/middleware/gzip.py:24: in __call__
    await responder(scope, receive, send)
/root/.venv/lib/python3.11/site-packages/starlette/middleware/gzip.py:44: in __call__
    await self.app(scope, receive, self.send_with_gzip)
/root/.venv/lib/python3.11/site-packages/starlette/middleware/exceptions.py:65: in __call__
    await wrap_app_handling_exceptions(self.app, conn)(scope, receive, send)
/root/.venv/lib/python3.11/site-packages/starlette/_exception_handler.py:64: in wrapped_app
    raise exc
/root/.venv/lib/python3.11/site-packages/starlette/_exception_handler.py:53: in wrapped_app
    await app(scope, receive, sender)
/root/.venv/lib/python3.11/site-packages/starlette/routing.py:756: in __call__
    await self.middleware_stack(scope, receive, send)
/root/.venv/lib/python3.11/site-packages/starlette/routing.py:776: in app
    await route.handle(scope, receive, send)
/root/.venv/lib/python3.11/site-packages/starlette/routing.py:297: in handle
    await self.app(scope, receive, send)
/root/.venv/lib/python3.11/site-packages/starlette/routing.py:77: in app
    await wrap_app_handling_exceptions(app, request)(scope, receive, send)
/root/.venv/lib/python3.11/site-packages/starlette/_exception_handler.py:64: in wrapped_app
    raise exc
/root/.venv/lib/python3.11/site-packages/starlette/_exception_handler.py:53: in wrapped_app
    await app(scope, receive, sender)
/root/.venv/lib/python3.11/site-packages/starlette/routing.py:72: in app
    response = await func(request)
               ^^^^^^^^^^^^^^^^^^^
/root/.venv/lib/python3.11/site-packages/fastapi/routing.py:278: in app
    raw_response = await run_endpoint_function(
/root/.venv/lib/python3.11/site-packages/fastapi/routing.py:191: in run_endpoint_function
    return await dependant.call(**values)
           ^^^^^^^^^^^^^^^^^^^^^^^^^^^^^^
/root/.venv/lib/python3.11/site-packages/slowapi/extension.py:734: in async_wrapper
    response = await func(*args, **kwargs)  # type: ignore
               ^^^^^^^^^^^^^^^^^^^^^^^^^^^
../backend/routers/auth.py:42: in login
    user = await users_collection.find_one({"username": login_data.username})
                 ^^^^^^^^^^^^^^^^^^^^^^^^^^^^^^^^^^^^^^^^^^^^^^^^^^^^^^^^^^^^
/root/.venv/lib/python3.11/site-packages/motor/metaprogramming.py:74: in method
    return framework.run_on_executor(
/root/.venv/lib/python3.11/site-packages/motor/frameworks/asyncio/__init__.py:85: in run_on_executor
    return loop.run_in_executor(_EXECUTOR, functools.partial(fn, *args, **kwargs))
           ^^^^^^^^^^^^^^^^^^^^^^^^^^^^^^^^^^^^^^^^^^^^^^^^^^^^^^^^^^^^^^^^^^^^^^^
/usr/local/lib/python3.11/asyncio/base_events.py:817: in run_in_executor
    self._check_closed()
_ _ _ _ _ _ _ _ _ _ _ _ _ _ _ _ _ _ _ _ _ _ _ _ _ _ _ _ _ _ _ _ _ _ _ _ _ _ _ _ 

self = <_UnixSelectorEventLoop running=False closed=True debug=False>

    def _check_closed(self):
        if self._closed:
>           raise RuntimeError('Event loop is closed')
E           RuntimeError: Event loop is closed

/usr/local/lib/python3.11/asyncio/base_events.py:520: RuntimeError
---------------------------- Captured stderr setup -----------------------------
2026-02-04 14:33:57,597 - httpx - INFO - HTTP Request: POST http://test/api/auth/register "HTTP/1.1 400 Bad Request"
------------------------------ Captured log setup ------------------------------
INFO     httpx:_client.py:1740 HTTP Request: POST http://test/api/auth/register "HTTP/1.1 400 Bad Request"
_____ ERROR at setup of TestStationAlerts.test_create_alert_authenticated ______

self = <Coroutine test_create_alert_authenticated>

    def setup(self) -> None:
        runner_fixture_id = f"_{self._loop_scope}_scoped_runner"
        if runner_fixture_id not in self.fixturenames:
            self.fixturenames.append(runner_fixture_id)
>       return super().setup()
               ^^^^^^^^^^^^^^^

/root/.venv/lib/python3.11/site-packages/pytest_asyncio/plugin.py:458: 
_ _ _ _ _ _ _ _ _ _ _ _ _ _ _ _ _ _ _ _ _ _ _ _ _ _ _ _ _ _ _ _ _ _ _ _ _ _ _ _ 
/root/.venv/lib/python3.11/site-packages/pytest_asyncio/plugin.py:743: in pytest_fixture_setup
    hook_result = yield
                  ^^^^^
/root/.venv/lib/python3.11/site-packages/pytest_asyncio/plugin.py:313: in _asyncgen_fixture_wrapper
    result = runner.run(setup(), context=context)
             ^^^^^^^^^^^^^^^^^^^^^^^^^^^^^^^^^^^^
/usr/local/lib/python3.11/asyncio/runners.py:118: in run
    return self._loop.run_until_complete(task)
           ^^^^^^^^^^^^^^^^^^^^^^^^^^^^^^^^^^^
/usr/local/lib/python3.11/asyncio/base_events.py:654: in run_until_complete
    return future.result()
           ^^^^^^^^^^^^^^^
/root/.venv/lib/python3.11/site-packages/pytest_asyncio/plugin.py:309: in setup
    res = await gen_obj.__anext__()
          ^^^^^^^^^^^^^^^^^^^^^^^^^
_ _ _ _ _ _ _ _ _ _ _ _ _ _ _ _ _ _ _ _ _ _ _ _ _ _ _ _ _ _ _ _ _ _ _ _ _ _ _ _ 

client = <httpx.AsyncClient object at 0xfcc97176d990>

    @pytest.fixture
    async def authenticated_client(client):
        """Create authenticated test client with a test user."""
        # Register a test user
        register_response = await client.post("/api/auth/register", json={
            "username": "test_user_pytest",
            "password": "testpassword123",
            "full_name": "Test User",
            "license_number": "99999"
        })
    
        if register_response.status_code == 400:
            # User exists, login instead
            login_response = await client.post("/api/auth/login", json={
                "username": "test_user_pytest",
                "password": "testpassword123"
            })
            token = login_response.json()["access_token"]
        else:
>           token = register_response.json()["access_token"]
                    ^^^^^^^^^^^^^^^^^^^^^^^^^^^^^^^^^^^^^^^^
E           KeyError: 'access_token'

../backend/tests/conftest.py:59: KeyError
---------------------------- Captured stderr setup -----------------------------
2026-02-04 14:34:20,446 - slowapi - WARNING - ratelimit 5 per 1 minute (127.0.0.1) exceeded at endpoint: /api/auth/register
2026-02-04 14:34:20,446 - httpx - INFO - HTTP Request: POST http://test/api/auth/register "HTTP/1.1 429 Too Many Requests"
------------------------------ Captured log setup ------------------------------
WARNING  slowapi:extension.py:510 ratelimit 5 per 1 minute (127.0.0.1) exceeded at endpoint: /api/auth/register
INFO     httpx:_client.py:1740 HTTP Request: POST http://test/api/auth/register "HTTP/1.1 429 Too Many Requests"
=================================== FAILURES ===================================
_______________________ TestAuth.test_register_new_user ________________________

self = <tests.test_api.TestAuth object at 0xfcc973fd08d0>
client = <httpx.AsyncClient object at 0xfcc973fdfc50>

    @pytest.mark.asyncio
    async def test_register_new_user(self, client: AsyncClient):
        """Test user registration."""
        import uuid
        unique_username = f"test_user_{uuid.uuid4().hex[:8]}"
    
        response = await client.post("/api/auth/register", json={
            "username": unique_username,
            "password": "testpassword123",
            "full_name": "Test User",
            "license_number": str(uuid.uuid4().int)[:5]
        })
    
>       assert response.status_code == 200
E       assert 400 == 200
E        +  where 400 = <Response [400 Bad Request]>.status_code

../backend/tests/test_api.py:32: AssertionError
----------------------------- Captured stderr call -----------------------------
2026-02-04 14:33:57,273 - httpx - INFO - HTTP Request: POST http://test/api/auth/register "HTTP/1.1 400 Bad Request"
------------------------------ Captured log call -------------------------------
INFO     httpx:_client.py:1740 HTTP Request: POST http://test/api/auth/register "HTTP/1.1 400 Bad Request"
__________________ TestAuth.test_register_duplicate_username ___________________

self = <tests.test_api.TestAuth object at 0xfcc973fd1210>
client = <httpx.AsyncClient object at 0xfcc973fbb810>

    @pytest.mark.asyncio
    async def test_register_duplicate_username(self, client: AsyncClient):
        """Test that duplicate username registration fails."""
        import uuid
        unique_username = f"test_dup_{uuid.uuid4().hex[:8]}"
    
        # First registration
        await client.post("/api/auth/register", json={
            "username": unique_username,
            "password": "testpassword123",
            "full_name": "Test User",
            "license_number": str(uuid.uuid4().int)[:5]
        })
    
        # Duplicate registration
        response = await client.post("/api/auth/register", json={
            "username": unique_username,
            "password": "testpassword123",
            "full_name": "Test User 2",
            "license_number": str(uuid.uuid4().int)[:5]
        })
    
        assert response.status_code == 400
>       assert "ya existe" in response.json()["detail"]
E       AssertionError: assert 'ya existe' in 'El registro directo está deshabilitado. Debes usar un código de invitación o solicitar aprobación con la licencia de un taxista registrado.'

../backend/tests/test_api.py:61: AssertionError
----------------------------- Captured stderr call -----------------------------
2026-02-04 14:33:57,309 - httpx - INFO - HTTP Request: POST http://test/api/auth/register "HTTP/1.1 400 Bad Request"
2026-02-04 14:33:57,309 - httpx - INFO - HTTP Request: POST http://test/api/auth/register "HTTP/1.1 400 Bad Request"
------------------------------ Captured log call -------------------------------
INFO     httpx:_client.py:1740 HTTP Request: POST http://test/api/auth/register "HTTP/1.1 400 Bad Request"
INFO     httpx:_client.py:1740 HTTP Request: POST http://test/api/auth/register "HTTP/1.1 400 Bad Request"
____________________ TestAuth.test_login_valid_credentials _____________________

self = <tests.test_api.TestAuth object at 0xfcc973fd1b90>
client = <httpx.AsyncClient object at 0xfcc973fe23d0>

    @pytest.mark.asyncio
    async def test_login_valid_credentials(self, client: AsyncClient):
        """Test login with valid credentials."""
        import uuid
        unique_username = f"test_login_{uuid.uuid4().hex[:8]}"
    
        # Register first
        await client.post("/api/auth/register", json={
            "username": unique_username,
            "password": "testpassword123",
            "full_name": "Test User",
            "license_number": str(uuid.uuid4().int)[:5]
        })
    
        # Login
        response = await client.post("/api/auth/login", json={
            "username": unique_username,
            "password": "testpassword123"
        })
    
>       assert response.status_code == 200
E       assert 401 == 200
E        +  where 401 = <Response [401 Unauthorized]>.status_code

../backend/tests/test_api.py:83: AssertionError
----------------------------- Captured stderr call -----------------------------
2026-02-04 14:33:57,316 - httpx - INFO - HTTP Request: POST http://test/api/auth/register "HTTP/1.1 400 Bad Request"
2026-02-04 14:33:57,327 - shared - INFO - Login attempt for user: test_login_1e290dd7, found: False
2026-02-04 14:33:57,327 - httpx - INFO - HTTP Request: POST http://test/api/auth/login "HTTP/1.1 401 Unauthorized"
------------------------------ Captured log call -------------------------------
INFO     httpx:_client.py:1740 HTTP Request: POST http://test/api/auth/register "HTTP/1.1 400 Bad Request"
INFO     shared:auth.py:43 Login attempt for user: test_login_1e290dd7, found: False
INFO     httpx:_client.py:1740 HTTP Request: POST http://test/api/auth/login "HTTP/1.1 401 Unauthorized"
___________________ TestAuth.test_login_invalid_credentials ____________________

self = <tests.test_api.TestAuth object at 0xfcc973fd24d0>
client = <httpx.AsyncClient object at 0xfcc973fe35d0>

    @pytest.mark.asyncio
    async def test_login_invalid_credentials(self, client: AsyncClient):
        """Test login with invalid credentials."""
>       response = await client.post("/api/auth/login", json={
            "username": "nonexistent_user",
            "password": "wrongpassword"
        })

../backend/tests/test_api.py:90: 
_ _ _ _ _ _ _ _ _ _ _ _ _ _ _ _ _ _ _ _ _ _ _ _ _ _ _ _ _ _ _ _ _ _ _ _ _ _ _ _ 
/root/.venv/lib/python3.11/site-packages/httpx/_client.py:1859: in post
    return await self.request(
/root/.venv/lib/python3.11/site-packages/httpx/_client.py:1540: in request
    return await self.send(request, auth=auth, follow_redirects=follow_redirects)
           ^^^^^^^^^^^^^^^^^^^^^^^^^^^^^^^^^^^^^^^^^^^^^^^^^^^^^^^^^^^^^^^^^^^^^^
/root/.venv/lib/python3.11/site-packages/httpx/_client.py:1629: in send
    response = await self._send_handling_auth(
/root/.venv/lib/python3.11/site-packages/httpx/_client.py:1657: in _send_handling_auth
    response = await self._send_handling_redirects(
/root/.venv/lib/python3.11/site-packages/httpx/_client.py:1694: in _send_handling_redirects
    response = await self._send_single_request(request)
               ^^^^^^^^^^^^^^^^^^^^^^^^^^^^^^^^^^^^^^^^
/root/.venv/lib/python3.11/site-packages/httpx/_client.py:1730: in _send_single_request
    response = await transport.handle_async_request(request)
               ^^^^^^^^^^^^^^^^^^^^^^^^^^^^^^^^^^^^^^^^^^^^^
/root/.venv/lib/python3.11/site-packages/httpx/_transports/asgi.py:170: in handle_async_request
    await self.app(scope, receive, send)
/root/.venv/lib/python3.11/site-packages/fastapi/applications.py:1054: in __call__
    await super().__call__(scope, receive, send)
/root/.venv/lib/python3.11/site-packages/starlette/applications.py:123: in __call__
    await self.middleware_stack(scope, receive, send)
/root/.venv/lib/python3.11/site-packages/starlette/middleware/errors.py:186: in __call__
    raise exc
/root/.venv/lib/python3.11/site-packages/starlette/middleware/errors.py:164: in __call__
    await self.app(scope, receive, _send)
/root/.venv/lib/python3.11/site-packages/starlette/middleware/cors.py:85: in __call__
    await self.app(scope, receive, send)
/root/.venv/lib/python3.11/site-packages/starlette/middleware/gzip.py:24: in __call__
    await responder(scope, receive, send)
/root/.venv/lib/python3.11/site-packages/starlette/middleware/gzip.py:44: in __call__
    await self.app(scope, receive, self.send_with_gzip)
/root/.venv/lib/python3.11/site-packages/starlette/middleware/exceptions.py:65: in __call__
    await wrap_app_handling_exceptions(self.app, conn)(scope, receive, send)
/root/.venv/lib/python3.11/site-packages/starlette/_exception_handler.py:64: in wrapped_app
    raise exc
/root/.venv/lib/python3.11/site-packages/starlette/_exception_handler.py:53: in wrapped_app
    await app(scope, receive, sender)
/root/.venv/lib/python3.11/site-packages/starlette/routing.py:756: in __call__
    await self.middleware_stack(scope, receive, send)
/root/.venv/lib/python3.11/site-packages/starlette/routing.py:776: in app
    await route.handle(scope, receive, send)
/root/.venv/lib/python3.11/site-packages/starlette/routing.py:297: in handle
    await self.app(scope, receive, send)
/root/.venv/lib/python3.11/site-packages/starlette/routing.py:77: in app
    await wrap_app_handling_exceptions(app, request)(scope, receive, send)
/root/.venv/lib/python3.11/site-packages/starlette/_exception_handler.py:64: in wrapped_app
    raise exc
/root/.venv/lib/python3.11/site-packages/starlette/_exception_handler.py:53: in wrapped_app
    await app(scope, receive, sender)
/root/.venv/lib/python3.11/site-packages/starlette/routing.py:72: in app
    response = await func(request)
               ^^^^^^^^^^^^^^^^^^^
/root/.venv/lib/python3.11/site-packages/fastapi/routing.py:278: in app
    raw_response = await run_endpoint_function(
/root/.venv/lib/python3.11/site-packages/fastapi/routing.py:191: in run_endpoint_function
    return await dependant.call(**values)
           ^^^^^^^^^^^^^^^^^^^^^^^^^^^^^^
/root/.venv/lib/python3.11/site-packages/slowapi/extension.py:734: in async_wrapper
    response = await func(*args, **kwargs)  # type: ignore
               ^^^^^^^^^^^^^^^^^^^^^^^^^^^
../backend/routers/auth.py:42: in login
    user = await users_collection.find_one({"username": login_data.username})
                 ^^^^^^^^^^^^^^^^^^^^^^^^^^^^^^^^^^^^^^^^^^^^^^^^^^^^^^^^^^^^
/root/.venv/lib/python3.11/site-packages/motor/metaprogramming.py:74: in method
    return framework.run_on_executor(
/root/.venv/lib/python3.11/site-packages/motor/frameworks/asyncio/__init__.py:85: in run_on_executor
    return loop.run_in_executor(_EXECUTOR, functools.partial(fn, *args, **kwargs))
           ^^^^^^^^^^^^^^^^^^^^^^^^^^^^^^^^^^^^^^^^^^^^^^^^^^^^^^^^^^^^^^^^^^^^^^^
/usr/local/lib/python3.11/asyncio/base_events.py:817: in run_in_executor
    self._check_closed()
_ _ _ _ _ _ _ _ _ _ _ _ _ _ _ _ _ _ _ _ _ _ _ _ _ _ _ _ _ _ _ _ _ _ _ _ _ _ _ _ 

self = <_UnixSelectorEventLoop running=False closed=True debug=False>

    def _check_closed(self):
        if self._closed:
>           raise RuntimeError('Event loop is closed')
E           RuntimeError: Event loop is closed

/usr/local/lib/python3.11/asyncio/base_events.py:520: RuntimeError
___________________ TestStationAlerts.test_get_active_alerts ___________________

self = <tests.test_api.TestStationAlerts object at 0xfcc973fdc710>
client = <httpx.AsyncClient object at 0xfcc971018550>

    @pytest.mark.asyncio
    async def test_get_active_alerts(self, client: AsyncClient):
        """Test getting active alerts."""
>       response = await client.get("/api/station-alerts/active")
                   ^^^^^^^^^^^^^^^^^^^^^^^^^^^^^^^^^^^^^^^^^^^^^^

../backend/tests/test_api.py:156: 
_ _ _ _ _ _ _ _ _ _ _ _ _ _ _ _ _ _ _ _ _ _ _ _ _ _ _ _ _ _ _ _ _ _ _ _ _ _ _ _ 
/root/.venv/lib/python3.11/site-packages/httpx/_client.py:1768: in get
    return await self.request(
/root/.venv/lib/python3.11/site-packages/httpx/_client.py:1540: in request
    return await self.send(request, auth=auth, follow_redirects=follow_redirects)
           ^^^^^^^^^^^^^^^^^^^^^^^^^^^^^^^^^^^^^^^^^^^^^^^^^^^^^^^^^^^^^^^^^^^^^^
/root/.venv/lib/python3.11/site-packages/httpx/_client.py:1629: in send
    response = await self._send_handling_auth(
/root/.venv/lib/python3.11/site-packages/httpx/_client.py:1657: in _send_handling_auth
    response = await self._send_handling_redirects(
/root/.venv/lib/python3.11/site-packages/httpx/_client.py:1694: in _send_handling_redirects
    response = await self._send_single_request(request)
               ^^^^^^^^^^^^^^^^^^^^^^^^^^^^^^^^^^^^^^^^
/root/.venv/lib/python3.11/site-packages/httpx/_client.py:1730: in _send_single_request
    response = await transport.handle_async_request(request)
               ^^^^^^^^^^^^^^^^^^^^^^^^^^^^^^^^^^^^^^^^^^^^^
/root/.venv/lib/python3.11/site-packages/httpx/_transports/asgi.py:170: in handle_async_request
    await self.app(scope, receive, send)
/root/.venv/lib/python3.11/site-packages/fastapi/applications.py:1054: in __call__
    await super().__call__(scope, receive, send)
/root/.venv/lib/python3.11/site-packages/starlette/applications.py:123: in __call__
    await self.middleware_stack(scope, receive, send)
/root/.venv/lib/python3.11/site-packages/starlette/middleware/errors.py:186: in __call__
    raise exc
/root/.venv/lib/python3.11/site-packages/starlette/middleware/errors.py:164: in __call__
    await self.app(scope, receive, _send)
/root/.venv/lib/python3.11/site-packages/starlette/middleware/cors.py:85: in __call__
    await self.app(scope, receive, send)
/root/.venv/lib/python3.11/site-packages/starlette/middleware/gzip.py:24: in __call__
    await responder(scope, receive, send)
/root/.venv/lib/python3.11/site-packages/starlette/middleware/gzip.py:44: in __call__
    await self.app(scope, receive, self.send_with_gzip)
/root/.venv/lib/python3.11/site-packages/starlette/middleware/exceptions.py:65: in __call__
    await wrap_app_handling_exceptions(self.app, conn)(scope, receive, send)
/root/.venv/lib/python3.11/site-packages/starlette/_exception_handler.py:64: in wrapped_app
    raise exc
/root/.venv/lib/python3.11/site-packages/starlette/_exception_handler.py:53: in wrapped_app
    await app(scope, receive, sender)
/root/.venv/lib/python3.11/site-packages/starlette/routing.py:756: in __call__
    await self.middleware_stack(scope, receive, send)
/root/.venv/lib/python3.11/site-packages/starlette/routing.py:776: in app
    await route.handle(scope, receive, send)
/root/.venv/lib/python3.11/site-packages/starlette/routing.py:297: in handle
    await self.app(scope, receive, send)
/root/.venv/lib/python3.11/site-packages/starlette/routing.py:77: in app
    await wrap_app_handling_exceptions(app, request)(scope, receive, send)
/root/.venv/lib/python3.11/site-packages/starlette/_exception_handler.py:64: in wrapped_app
    raise exc
/root/.venv/lib/python3.11/site-packages/starlette/_exception_handler.py:53: in wrapped_app
    await app(scope, receive, sender)
/root/.venv/lib/python3.11/site-packages/starlette/routing.py:72: in app
    response = await func(request)
               ^^^^^^^^^^^^^^^^^^^
/root/.venv/lib/python3.11/site-packages/fastapi/routing.py:278: in app
    raw_response = await run_endpoint_function(
/root/.venv/lib/python3.11/site-packages/fastapi/routing.py:191: in run_endpoint_function
    return await dependant.call(**values)
           ^^^^^^^^^^^^^^^^^^^^^^^^^^^^^^
../backend/routers/station_alerts.py:255: in get_active_alerts
    await station_alerts_collection.delete_many({
/root/.venv/lib/python3.11/site-packages/motor/metaprogramming.py:74: in method
    return framework.run_on_executor(
/root/.venv/lib/python3.11/site-packages/motor/frameworks/asyncio/__init__.py:85: in run_on_executor
    return loop.run_in_executor(_EXECUTOR, functools.partial(fn, *args, **kwargs))
           ^^^^^^^^^^^^^^^^^^^^^^^^^^^^^^^^^^^^^^^^^^^^^^^^^^^^^^^^^^^^^^^^^^^^^^^
/usr/local/lib/python3.11/asyncio/base_events.py:817: in run_in_executor
    self._check_closed()
_ _ _ _ _ _ _ _ _ _ _ _ _ _ _ _ _ _ _ _ _ _ _ _ _ _ _ _ _ _ _ _ _ _ _ _ _ _ _ _ 

self = <_UnixSelectorEventLoop running=False closed=True debug=False>

    def _check_closed(self):
        if self._closed:
>           raise RuntimeError('Event loop is closed')
E           RuntimeError: Event loop is closed

/usr/local/lib/python3.11/asyncio/base_events.py:520: RuntimeError
______________ TestStationAlerts.test_create_alert_requires_auth _______________

self = <tests.test_api.TestStationAlerts object at 0xfcc973fdcf50>
client = <httpx.AsyncClient object at 0xfcc973f19250>

    @pytest.mark.asyncio
    async def test_create_alert_requires_auth(self, client: AsyncClient):
        """Test that creating alerts requires authentication."""
        response = await client.post("/api/station-alerts/create", json={
            "location_type": "station",
            "location_name": "atocha",
            "alert_type": "sin_taxis"
        })
    
>       assert response.status_code == 401
E       assert 405 == 401
E        +  where 405 = <Response [405 Method Not Allowed]>.status_code

../backend/tests/test_api.py:173: AssertionError
----------------------------- Captured stderr call -----------------------------
2026-02-04 14:34:20,441 - httpx - INFO - HTTP Request: POST http://test/api/station-alerts/create "HTTP/1.1 405 Method Not Allowed"
------------------------------ Captured log call -------------------------------
INFO     httpx:_client.py:1740 HTTP Request: POST http://test/api/station-alerts/create "HTTP/1.1 405 Method Not Allowed"
__________________________ TestChat.test_get_channels __________________________

self = <tests.test_api.TestChat object at 0xfcc973fde1d0>
client = <httpx.AsyncClient object at 0xfcc9713bd7d0>

    @pytest.mark.asyncio
    async def test_get_channels(self, client: AsyncClient):
        """Test getting available chat channels."""
        response = await client.get("/api/chat/channels")
    
>       assert response.status_code == 200
E       assert 401 == 200
E        +  where 401 = <Response [401 Unauthorized]>.status_code

../backend/tests/test_api.py:196: AssertionError
----------------------------- Captured stderr call -----------------------------
2026-02-04 14:34:20,484 - httpx - INFO - HTTP Request: GET http://test/api/chat/channels "HTTP/1.1 401 Unauthorized"
------------------------------ Captured log call -------------------------------
INFO     httpx:_client.py:1740 HTTP Request: GET http://test/api/chat/channels "HTTP/1.1 401 Unauthorized"
=============================== warnings summary ===============================
../../root/.venv/lib/python3.11/site-packages/starlette/formparsers.py:12
  /root/.venv/lib/python3.11/site-packages/starlette/formparsers.py:12: PendingDeprecationWarning: Please use `import python_multipart` instead.
    import multipart

../../root/.venv/lib/python3.11/site-packages/passlib/utils/__init__.py:854
  /root/.venv/lib/python3.11/site-packages/passlib/utils/__init__.py:854: DeprecationWarning: 'crypt' is deprecated and slated for removal in Python 3.13
    from crypt import crypt as _crypt

../backend/server.py:2927
  /app/backend/server.py:2927: DeprecationWarning: 
          on_event is deprecated, use lifespan event handlers instead.
  
          Read more about it in the
          [FastAPI docs for Lifespan Events](https://fastapi.tiangolo.com/advanced/events/).
          
    @app.on_event("startup")

../../root/.venv/lib/python3.11/site-packages/fastapi/applications.py:4495
../../root/.venv/lib/python3.11/site-packages/fastapi/applications.py:4495
  /root/.venv/lib/python3.11/site-packages/fastapi/applications.py:4495: DeprecationWarning: 
          on_event is deprecated, use lifespan event handlers instead.
  
          Read more about it in the
          [FastAPI docs for Lifespan Events](https://fastapi.tiangolo.com/advanced/events/).
          
    return self.router.on_event(event_type)

../backend/server.py:3071
  /app/backend/server.py:3071: DeprecationWarning: 
          on_event is deprecated, use lifespan event handlers instead.
  
          Read more about it in the
          [FastAPI docs for Lifespan Events](https://fastapi.tiangolo.com/advanced/events/).
          
    @app.on_event("shutdown")

-- Docs: https://docs.pytest.org/en/stable/how-to/capture-warnings.html
=========================== short test summary info ============================
FAILED ../backend/tests/test_api.py::TestAuth::test_register_new_user - asser...
FAILED ../backend/tests/test_api.py::TestAuth::test_register_duplicate_username
FAILED ../backend/tests/test_api.py::TestAuth::test_login_valid_credentials
FAILED ../backend/tests/test_api.py::TestAuth::test_login_invalid_credentials
FAILED ../backend/tests/test_api.py::TestStationAlerts::test_get_active_alerts
FAILED ../backend/tests/test_api.py::TestStationAlerts::test_create_alert_requires_auth
FAILED ../backend/tests/test_api.py::TestChat::test_get_channels - assert 401...
ERROR ../backend/tests/test_api.py::TestAuth::test_get_current_user - Runtime...
ERROR ../backend/tests/test_api.py::TestStationAlerts::test_create_alert_authenticated
============== 7 failed, 6 passed, 6 warnings, 2 errors in 23.23s ============== to identify the specific failing tests and errors.
        2. Analyze and debug the fixtures in .
        3. Update or fix the test logic in  to align with the current application logic until all tests pass.
     - Why fix this issue and what will be achieved with the fix? A working test suite is crucial for ensuring backend stability, preventing regressions, and safely making future changes, especially given the project's complexity.
     - Status: NOT STARTED
     - Is recurring issue? Y
     - Should Test frontend/backend/both after fix? backend (by running pytest)
     - Blocked on other issue: None

**In progress Task List**:
  - Task 1: Complete the Social Features implementation. (P0)
     - Where to resume: 
        1. **Frontend ()**: The agent has added the state, functions, and a skeleton UI for the Social tab, along with modals and styles. The next steps are to fully connect the UI components to the state and functions, ensure data is being fetched and displayed correctly, and thoroughly debug the entire user flow (adding friends, sending messages, creating groups).
        2. **Testing**: After the frontend implementation seems complete, the entire social feature set needs to be tested from scratch, starting with the backend endpoints and then moving to the frontend UI.
     - What will be achieved with this? This will complete the user's major feature request for social functionality, adding a significant new dimension to the app.
     - Status: IN PROGRESS
     - Should Test frontend/backend/both after fix? both
     - Blocked on something: None.

**Upcoming and Future Tasks**
    Future Tasks:
    - (P0) **CRITICAL - Refactor **: This file is now critically unmaintainable, containing the logic for authentication, stations, events, chat, radio, points, moderation, invitations, and now social features. It MUST be broken down into smaller, manageable components and screens (e.g., , , , etc.). This technical debt is the biggest risk to the project.
    - (P1) **Persist Game State in DB**: Game data in  is stored in-memory and will be lost on server restart. It should be migrated to MongoDB.
    - (P2) **Migrate  to **: The  package is deprecated. The code in  and  should be updated.

**Completed work in this session**
- **Gamification/Points System**: Fully implemented and tested. Awards points for various actions and displays points/rank in the user's profile and a dedicated ranking modal.
- **Moderation and Reporting System**: Fully implemented and tested. Includes a new Moderation tab, a reporting flow with media attachments, a promotion system based on points, and updates to the Admin panel.
- **Enhanced Invitation Management**: The profile modal was updated with clickable stats that open dedicated modals for managing invited users, invitation codes, and pending requests.
- **User Manual Update**: The  file was created and populated with comprehensive documentation for the new points, invitation, and reporting systems.
- **Social Features (Backend)**: Created the  router and all necessary backend logic and database models for friends, direct messages, and group chats.

**Earlier issues found/mentioned but not fixed**
   - Issue 1:  deprecation warning. The agent has not addressed this.
   - Issue 2:  style props warning on web. The agent has not addressed this.
   - Issue 3: Failing ============================= test session starts ==============================
platform linux -- Python 3.11.14, pytest-9.0.2, pluggy-1.6.0
rootdir: /app/frontend
plugins: asyncio-1.3.0, anyio-4.12.0
asyncio: mode=Mode.STRICT, debug=False, asyncio_default_fixture_loop_scope=None, asyncio_default_test_loop_scope=function
collected 0 items

============================ no tests ran in 0.01s ============================= suite. This is a recurring and unresolved issue.

**Known issue recurrence from previous fork**
  - The  continues to have difficulty with scrolling and sometimes clicking elements in React Native Web. The agent has successfully used workarounds like clicking specific text, using coordinates, or re-attempting navigation. This is a limitation of the testing tool, not the application.

**Code Architecture**


**Key Technical Concepts**
- **Frontend:** React Native for Web, Expo, TypeScript. A monolithic SPA in  managing state for all features.
- **Backend:** FastAPI, MongoDB ().
- **New Features:** Gamification, Moderation/Reporting, Point-based Promotions, Social Networking (Friends, DMs, Groups).

**key DB schema**
  - **reports**: { _id, id, reporter_id, reporter_username, reported_user_id, report_type, description, context, media_base64, status, created_at, reviewed_at, reviewed_by }
  - **promotion_requests**: { _id, id, user_id, username, current_level, requested_role, status, created_at, resolved_at }
  - **friends**: { user_id, friend_id, status ('pending', 'accepted'), created_at }
  - **direct_messages**: { _id, sender_id, receiver_id, content, created_at }
  - **groups**: { _id, id, name, created_by, members, created_at }
  - **group_messages**: { _id, group_id, sender_id, content, created_at }
  - (Existing): invitations, registration_requests, user_points, points_log, users, etc.

**All files of reference**
- : New file for the report and promotion system.
- : New file for all social features.
- : Modified to trigger promotion requests.
- : Modified to include the new routers.
- : Massively updated with all frontend logic for points, moderation, enhanced invitations, and the in-progress social features.
- : New file created for the user manual.

**Areas that need refactoring**:
- **CRITICAL**: The  file has become dangerously large and complex. It is a single point of failure and makes development slow and risky. It is imperative to break it down into smaller, self-contained components, hooks, and screens. The entire Social feature, Moderation panel, and Admin panel should be extracted into their own files/directories.

**key api endpoints**
- **Moderation**: , , , etc.
- **Promotions**: , , etc.
- **Social**: , , , , , , , etc.

**Critical Info for New Agent**
- **Immediate Priority:** Your first task is to complete the frontend implementation for the Social Features in . The backend is done, but the UI needs to be fully connected and tested.
- **CRITICAL Technical Debt:** The  file is unmaintainable. This is the highest priority technical debt. After finishing the Social features, you MUST propose and execute a refactoring plan to break this file apart. Do not add any more major features to this file without refactoring first.
- **Testing:** The backend social endpoints are untested. You should test them with  before spending too much time on the frontend. The ============================= test session starts ==============================
platform linux -- Python 3.11.14, pytest-9.0.2, pluggy-1.6.0
rootdir: /app/frontend
plugins: asyncio-1.3.0, anyio-4.12.0
asyncio: mode=Mode.STRICT, debug=False, asyncio_default_fixture_loop_scope=None, asyncio_default_test_loop_scope=function
collected 0 items

============================ no tests ran in 0.01s ============================= suite is broken and needs to be fixed to ensure stability.
- **Language:** Remember to respond to the user in **español**.

**Last 10 User Messages and any pending HUMAN messages** 
 - 10. (IN PROGRESS) User asks to continue with the Social features frontend implementation.
 - 9. (ADDRESSED) User is prompted for confirmation to implement the full social features suite (profile privacy, friends, DMs, groups).
 - 8. (ADDRESSED) User requests the addition of the Reports system to the user manual.
 - 7. (ADDRESSED) User requests to update the user manual with information on the points and invitation systems.
 - 6. (ADDRESSED) User requests to make the profile stats clickable to open new modals for managing invitations and approval requests.
 - 5. (ADDRESSED) User reports that the promotion requests are not visible in the admin panel.
 - 4. (ADDRESSED) User reports that the admin panel doesn't show reports, the moderation tab doesn't load, and requests image/video upload for reports.
 - 3. (ADDRESSED) User provides clarifications for the moderation system.
 - 2. (ADDRESSED) User requests a major new feature: a moderation and reporting system with point-based promotions.
 - 1. (ADDRESSED) User is asked to confirm the next steps after the gamification system was completed.

**Project Health Check:**
- **Broken:**
    - The backend ============================= test session starts ==============================
platform linux -- Python 3.11.14, pytest-9.0.2, pluggy-1.6.0
rootdir: /app/frontend
plugins: asyncio-1.3.0, anyio-4.12.0
asyncio: mode=Mode.STRICT, debug=False, asyncio_default_fixture_loop_scope=None, asyncio_default_test_loop_scope=function
collected 0 items

============================ no tests ran in 0.01s ============================= suite has failing tests and is not being maintained. This is a significant risk.
- **At Risk:**
    - The  file is a monolith of extreme size and complexity, making it fragile, difficult to debug, and a major blocker for future development.

**3rd Party Integrations**
- Sentry (Configured but inactive)
- OSRM (Open Source Routing Machine)
- Photon
- OpenStreetMap
- ADIF & AENA APIs

**Testing status**
  - Testing agent used after significant changes: YES ( and  were used for the points and moderation features).
  - Troubleshoot agent used after agent stuck in loop: NO
  - Test files created: No new test files were created. The existing suite in  remains broken.
  - Known regressions: None identified.

**Credentials to test flow:**
- Admin user:  / 

**What agent forgot to execute**
- The agent has consistently failed to fix the broken ============================= test session starts ==============================
platform linux -- Python 3.11.14, pytest-9.0.2, pluggy-1.6.0
rootdir: /app/frontend
plugins: asyncio-1.3.0, anyio-4.12.0
asyncio: mode=Mode.STRICT, debug=False, asyncio_default_fixture_loop_scope=None, asyncio_default_test_loop_scope=function
collected 0 items

============================ no tests ran in 0.01s ============================= suite in , despite it being carried over from previous sessions. This is a critical piece of neglected technical debt.
</analysis>
